Drill report for Canon_manage.kicad_pcb
Created on Вт 02 мая 2023 19:03:26

Copper Layer Stackup:
    =============================================================
    L1 :  F.Cu                      front
    L2 :  B.Cu                      back


Drill file 'Canon_manage.drl' contains
    plated through holes:
    =============================================================
    T1  0.400mm  0.0157"  (30 holes)
    T2  0.600mm  0.0236"  (20 holes)
    T3  0.600mm  0.0236"  (4 holes)  (with 4 slots)
    T4  0.650mm  0.0256"  (6 holes)
    T5  0.800mm  0.0315"  (8 holes)
    T6  1.000mm  0.0394"  (6 holes)
    T7  1.500mm  0.0591"  (8 holes)

    Total plated holes count 82


Not plated through holes are merged with plated holes
    unplated through holes:
    =============================================================
    T8  0.650mm  0.0256"  (2 holes)
    T9  3.200mm  0.1260"  (4 holes)

    Total unplated holes count 6
